{
  "stats": {
    "suites": 1,
    "tests": 22,
    "passes": 21,
    "pending": 0,
    "failures": 1,
    "start": "2022-02-05T13:51:14.468Z",
    "end": "2022-02-05T13:54:44.022Z",
    "duration": 209554,
    "testsRegistered": 22,
    "passPercent": 95.45454545454545,
    "pendingPercent": 0,
    "other": 0,
    "hasOther": false,
    "skipped": 0,
    "hasSkipped": false
  },
  "results": [
    {
      "uuid": "3b5d9d9e-fce8-4b54-8aa3-829ee949aa14",
      "title": "",
      "fullFile": "cypress/integration/LoginPageAutomation.js",
      "file": "cypress/integration/LoginPageAutomation.js",
      "beforeHooks": [],
      "afterHooks": [],
      "tests": [],
      "suites": [
        {
          "uuid": "9314bb21-ac48-4a2b-9e04-a101ab1c152f",
          "title": "Functional Test Cases",
          "fullFile": "",
          "file": "",
          "beforeHooks": [],
          "afterHooks": [],
          "tests": [
            {
              "title": "TC_Login_001_To verify Login Page is displayed",
              "fullTitle": "Functional Test Cases TC_Login_001_To verify Login Page is displayed",
              "timedOut": null,
              "duration": 6013,
              "state": "passed",
              "speed": "medium",
              "pass": true,
              "fail": false,
              "pending": false,
              "context": null,
              "code": "cy.visit(Cypress.env('url'));\ncy.url().should('include', 'login');",
              "err": {},
              "uuid": "d507eb95-c4f8-4bb1-8e10-b8f9616b68a6",
              "parentUUID": "9314bb21-ac48-4a2b-9e04-a101ab1c152f",
              "isHook": false,
              "skipped": false
            },
            {
              "title": "TC_Login_002_To verify Mainteny home page is launched after selecting Mainteny logo from login page navigation bar",
              "fullTitle": "Functional Test Cases TC_Login_002_To verify Mainteny home page is launched after selecting Mainteny logo from login page navigation bar",
              "timedOut": null,
              "duration": 13950,
              "state": "passed",
              "speed": "slow",
              "pass": true,
              "fail": false,
              "pending": false,
              "context": null,
              "code": "cy.visit(Cypress.env('url'));\nlogos.selectLogo().click();\ncy.title().should('include', \"Empowering service technicians\");",
              "err": {},
              "uuid": "d3150d09-cc5f-469b-bf13-ef610b2e27c4",
              "parentUUID": "9314bb21-ac48-4a2b-9e04-a101ab1c152f",
              "isHook": false,
              "skipped": false
            },
            {
              "title": "TC_Login_003_To verify Login Page is displayed after selecting Login option from Mainteny home page navigation bar",
              "fullTitle": "Functional Test Cases TC_Login_003_To verify Login Page is displayed after selecting Login option from Mainteny home page navigation bar",
              "timedOut": null,
              "duration": 15482,
              "state": "passed",
              "speed": "slow",
              "pass": true,
              "fail": false,
              "pending": false,
              "context": null,
              "code": "cy.visit(Cypress.env('url'));\nlogos.selectLogo().click();\ncy.title().should('include', \"Empowering service technicians\");\nhome.selectLogin().click();\ncy.url().should('include', 'login');",
              "err": {},
              "uuid": "e8330daf-88ff-43d2-ab62-117a5169c58b",
              "parentUUID": "9314bb21-ac48-4a2b-9e04-a101ab1c152f",
              "isHook": false,
              "skipped": false
            },
            {
              "title": "TC_Login_004_To verify Demo Page is displayed after selecting Try Demo option from Login Page navigation bar",
              "fullTitle": "Functional Test Cases TC_Login_004_To verify Demo Page is displayed after selecting Try Demo option from Login Page navigation bar",
              "timedOut": null,
              "duration": 9033,
              "state": "passed",
              "speed": "medium",
              "pass": true,
              "fail": false,
              "pending": false,
              "context": null,
              "code": "cy.visit(Cypress.env('url'));\ncy.url().should('include', 'login');\nlogos.selectDemoNavigation().click();\ncy.url().should('include', 'dashboard');\ncy.go('back');\ncy.url().should('include', 'login');",
              "err": {},
              "uuid": "5988a260-2dd5-4148-8c8a-fcd4c89ae466",
              "parentUUID": "9314bb21-ac48-4a2b-9e04-a101ab1c152f",
              "isHook": false,
              "skipped": false
            },
            {
              "title": "TC_Login_005_To verify Demo Page is displayed after selecting Try Demo option from Login Page",
              "fullTitle": "Functional Test Cases TC_Login_005_To verify Demo Page is displayed after selecting Try Demo option from Login Page",
              "timedOut": null,
              "duration": 8337,
              "state": "passed",
              "speed": "medium",
              "pass": true,
              "fail": false,
              "pending": false,
              "context": null,
              "code": "cy.visit(Cypress.env('url'));\ncy.url().should('include', 'login');\nlogos.selectDemoButton().click();\ncy.url().should('include', 'dashboard');\ncy.go('back');\ncy.url().should('include', 'login');",
              "err": {},
              "uuid": "cb6fc77b-ad1b-40c3-852d-1d90d712de05",
              "parentUUID": "9314bb21-ac48-4a2b-9e04-a101ab1c152f",
              "isHook": false,
              "skipped": false
            },
            {
              "title": "TC_Login_006_To verify User is not logged in after entering valid email address and invalid password on Login Page",
              "fullTitle": "Functional Test Cases TC_Login_006_To verify User is not logged in after entering valid email address and invalid password on Login Page",
              "timedOut": null,
              "duration": 10300,
              "state": "passed",
              "speed": "slow",
              "pass": true,
              "fail": false,
              "pending": false,
              "context": null,
              "code": "cy.visit(Cypress.env('url'));\ncy.url().should('include', 'login');\nlogos.setEmailAddress().type('engineering@mainteny.com');\nlogos.setPassword().type('Mainteny@2021');\nlogos.selectLoginBtn().should('be.visible');\nlogos.selectLoginBtn().click();\ncy.url().should('not.include', 'https://app.mainteny.com/pages/dashboard');",
              "err": {},
              "uuid": "2c80861c-5cb3-4063-90c6-6ee25189f82e",
              "parentUUID": "9314bb21-ac48-4a2b-9e04-a101ab1c152f",
              "isHook": false,
              "skipped": false
            },
            {
              "title": "TC_Login_007_To verify User is not logged in after entering Invalid email address and valid password on Login Page",
              "fullTitle": "Functional Test Cases TC_Login_007_To verify User is not logged in after entering Invalid email address and valid password on Login Page",
              "timedOut": null,
              "duration": 5463,
              "state": "passed",
              "speed": "medium",
              "pass": true,
              "fail": false,
              "pending": false,
              "context": null,
              "code": "cy.visit(Cypress.env('url'));\ncy.url().should('include', 'login');\nlogos.setEmailAddress().type('engineering@mainteny.com');\nlogos.setPassword().type('mainteny@2022');\nlogos.selectLoginBtn().should('be.visible');\nlogos.selectLoginBtn().click();\ncy.url().should('not.include', 'https://app.mainteny.com/pages/dashboard');",
              "err": {},
              "uuid": "2d5d44b5-4126-4eb2-b614-22dc6df6948b",
              "parentUUID": "9314bb21-ac48-4a2b-9e04-a101ab1c152f",
              "isHook": false,
              "skipped": false
            },
            {
              "title": "TC_Login_008_To verify User is not logged in after entering Invalid email address and Invalid password on Login Page",
              "fullTitle": "Functional Test Cases TC_Login_008_To verify User is not logged in after entering Invalid email address and Invalid password on Login Page",
              "timedOut": null,
              "duration": 8828,
              "state": "passed",
              "speed": "medium",
              "pass": true,
              "fail": false,
              "pending": false,
              "context": null,
              "code": "cy.visit(Cypress.env('url'));\ncy.url().should('include', 'login');\nlogos.setEmailAddress().type('email@gmail.com');\nlogos.setPassword().type('NoPassword');\nlogos.selectLoginBtn().should('be.visible');\nlogos.selectLoginBtn().click();\ncy.url().should('not.include', 'https://app.mainteny.com/pages/dashboard');",
              "err": {},
              "uuid": "be08aeb6-8fd9-4b65-b4f9-1e1dc32187ad",
              "parentUUID": "9314bb21-ac48-4a2b-9e04-a101ab1c152f",
              "isHook": false,
              "skipped": false
            },
            {
              "title": "TC_Login_009_To verify warning is displayed after entering valid email address and invalid password on Login Page",
              "fullTitle": "Functional Test Cases TC_Login_009_To verify warning is displayed after entering valid email address and invalid password on Login Page",
              "timedOut": null,
              "duration": 10063,
              "state": "passed",
              "speed": "slow",
              "pass": true,
              "fail": false,
              "pending": false,
              "context": null,
              "code": "cy.visit(Cypress.env('url'));\ncy.url().should('include', 'login');\nlogos.setEmailAddress().type('engineering@mainteny.com');\nlogos.setPassword().type('Mainteny@2021w');\nlogos.selectLoginBtn().should('be.visible');\nlogos.selectLoginBtn().click();\nlogos.ValidateError().should('have.text', 'Bad username or password');",
              "err": {},
              "uuid": "6624c59d-6b64-4ed4-bf30-368f3c3854ca",
              "parentUUID": "9314bb21-ac48-4a2b-9e04-a101ab1c152f",
              "isHook": false,
              "skipped": false
            },
            {
              "title": "TC_Login_0010_To verify warning is displayed after entering Invalid email address and Valid password on Login Page",
              "fullTitle": "Functional Test Cases TC_Login_0010_To verify warning is displayed after entering Invalid email address and Valid password on Login Page",
              "timedOut": null,
              "duration": 10733,
              "state": "passed",
              "speed": "slow",
              "pass": true,
              "fail": false,
              "pending": false,
              "context": null,
              "code": "cy.visit(Cypress.env('url'));\ncy.url().should('include', 'login');\nlogos.setEmailAddress().type('email@gmail.com');\nlogos.setPassword().type('mainteny@2022');\nlogos.selectLoginBtn().should('be.visible');\nlogos.selectLoginBtn().click();\nlogos.ValidateError().should('have.text', 'Bad username or password');",
              "err": {},
              "uuid": "f70298b7-35da-4452-a9ed-2aeb1d0d404d",
              "parentUUID": "9314bb21-ac48-4a2b-9e04-a101ab1c152f",
              "isHook": false,
              "skipped": false
            },
            {
              "title": "TC_Login_0011_To verify warning is displayed after entering Invalid email address and Valid password on Login Page",
              "fullTitle": "Functional Test Cases TC_Login_0011_To verify warning is displayed after entering Invalid email address and Valid password on Login Page",
              "timedOut": null,
              "duration": 10134,
              "state": "passed",
              "speed": "slow",
              "pass": true,
              "fail": false,
              "pending": false,
              "context": null,
              "code": "cy.visit(Cypress.env('url'));\ncy.url().should('include', 'login');\nlogos.setEmailAddress().type('email@gmail.com');\nlogos.setPassword().type('NoPasssword');\nlogos.selectLoginBtn().should('be.visible');\nlogos.selectLoginBtn().click();\nlogos.ValidateError().should('have.text', 'Bad username or password');",
              "err": {},
              "uuid": "34f6bef8-a2c9-43b6-8dd1-7cb79131ccb1",
              "parentUUID": "9314bb21-ac48-4a2b-9e04-a101ab1c152f",
              "isHook": false,
              "skipped": false
            },
            {
              "title": "TC_Login_012_To verify Login button is disabled after entering only email address on login page",
              "fullTitle": "Functional Test Cases TC_Login_012_To verify Login button is disabled after entering only email address on login page",
              "timedOut": null,
              "duration": 5630,
              "state": "passed",
              "speed": "medium",
              "pass": true,
              "fail": false,
              "pending": false,
              "context": null,
              "code": "cy.visit(Cypress.env('url'));\ncy.url().should('include', 'login');\nlogos.setEmailAddress().type('email@gmail.com');\nlogos.selectLoginBtn().should('not.be.enabled');\nlogos.selectLoginBtn().should('be.disabled');",
              "err": {},
              "uuid": "a780dc38-b6c0-465a-93f8-ec1f01213fa6",
              "parentUUID": "9314bb21-ac48-4a2b-9e04-a101ab1c152f",
              "isHook": false,
              "skipped": false
            },
            {
              "title": "TC_Login_013_To verify Login button is disabled after entering only password on login page",
              "fullTitle": "Functional Test Cases TC_Login_013_To verify Login button is disabled after entering only password on login page",
              "timedOut": null,
              "duration": 4803,
              "state": "passed",
              "speed": "fast",
              "pass": true,
              "fail": false,
              "pending": false,
              "context": null,
              "code": "cy.visit(Cypress.env('url'));\ncy.url().should('include', 'login');\nlogos.setPassword().type('NoPasssword');\nlogos.selectLoginBtn().should('not.be.enabled');\nlogos.selectLoginBtn().should('be.disabled');",
              "err": {},
              "uuid": "3dd3edb5-6d42-4fab-b1c3-6c5c4871617e",
              "parentUUID": "9314bb21-ac48-4a2b-9e04-a101ab1c152f",
              "isHook": false,
              "skipped": false
            },
            {
              "title": "TC_Login_014_To verify Login button is disabled when both email and password field are blank",
              "fullTitle": "Functional Test Cases TC_Login_014_To verify Login button is disabled when both email and password field are blank",
              "timedOut": null,
              "duration": 4206,
              "state": "passed",
              "speed": "fast",
              "pass": true,
              "fail": false,
              "pending": false,
              "context": null,
              "code": "cy.visit(Cypress.env('url'));\ncy.url().should('include', 'login');\nlogos.selectLoginBtn().should('not.be.enabled');\nlogos.selectLoginBtn().should('be.disabled');",
              "err": {},
              "uuid": "bdfb2818-967b-4109-b8ee-ae4a6e0ebee8",
              "parentUUID": "9314bb21-ac48-4a2b-9e04-a101ab1c152f",
              "isHook": false,
              "skipped": false
            },
            {
              "title": "TC_Login_015_To verify user should be logged in after entering valid email address and valid password",
              "fullTitle": "Functional Test Cases TC_Login_015_To verify user should be logged in after entering valid email address and valid password",
              "timedOut": null,
              "duration": 10596,
              "state": "passed",
              "speed": "slow",
              "pass": true,
              "fail": false,
              "pending": false,
              "context": null,
              "code": "cy.visit(Cypress.env('url'));\ncy.url().should('include', 'login');\nlogos.setEmailAddress().type('engineering@mainteny.com');\nlogos.setPassword().type('Mainteny@2021');\nlogos.selectLoginBtn().should('be.visible');\nlogos.selectLoginBtn().click();\ncy.url().should('include', 'https://staging.mainteny.com/pages/dashboard');\nuser.getUserName().should('contain.text', 'Hi Martin!');",
              "err": {},
              "uuid": "b08d0e8b-7a94-4fef-8fbf-16e8582f03ee",
              "parentUUID": "9314bb21-ac48-4a2b-9e04-a101ab1c152f",
              "isHook": false,
              "skipped": false
            },
            {
              "title": "TC_Login_016_To verify user should be logged out after selecting Logout option from dashboard page",
              "fullTitle": "Functional Test Cases TC_Login_016_To verify user should be logged out after selecting Logout option from dashboard page",
              "timedOut": null,
              "duration": 27416,
              "state": "failed",
              "speed": null,
              "pass": false,
              "fail": true,
              "pending": false,
              "context": null,
              "code": "cy.visit(Cypress.env('url'));\ncy.url().should('include', 'login');\nlogos.setEmailAddress().type('engineering@mainteny.com');\nlogos.setPassword().type('Mainteny@2021');\nlogos.selectLoginBtn().should('be.visible');\nlogos.selectLoginBtn().click();\ncy.url().should('include', 'https://staging.mainteny.com/pages/dashboard');\nuser.getUserName().should('contain.text', 'Hi Martin!');\nuser.selectUser().click();\nuser.selectLogOut().click();\ncy.url().should('include', 'login');",
              "err": {
                "message": "AssertionError: Timed out retrying after 10000ms: expected 'https://staging.mainteny.com/pages' to include 'login'",
                "estack": "AssertionError: Timed out retrying after 10000ms: expected 'https://staging.mainteny.com/pages' to include 'login'\n    at Context.eval (https://staging.mainteny.com/__cypress/tests?p=cypress\\integration\\LoginPageAutomation.js:242:14)",
                "diff": null
              },
              "uuid": "b6e7a36f-6196-473e-b9e7-1515c00adab5",
              "parentUUID": "9314bb21-ac48-4a2b-9e04-a101ab1c152f",
              "isHook": false,
              "skipped": false
            },
            {
              "title": "TC_Login_017_To verify Forget Password page should be displayed after selecting Forgot Password option from login page",
              "fullTitle": "Functional Test Cases TC_Login_017_To verify Forget Password page should be displayed after selecting Forgot Password option from login page",
              "timedOut": null,
              "duration": 3952,
              "state": "passed",
              "speed": "fast",
              "pass": true,
              "fail": false,
              "pending": false,
              "context": null,
              "code": "cy.visit(Cypress.env('url'));\ncy.url().should('include', 'login');\nlogos.selectForgotPassword().click();\ncy.url().should('include', 'https://staging.mainteny.com/auth/forget-password');\nlogos.getResetPasswordTitle().should('contain.text', 'Reset Password');",
              "err": {},
              "uuid": "d0957060-6e71-436d-b277-2a1f74c0fac5",
              "parentUUID": "9314bb21-ac48-4a2b-9e04-a101ab1c152f",
              "isHook": false,
              "skipped": false
            },
            {
              "title": "TC_Login_018_To verify Get Token Button is disabled when email address field is blank on Forget Password page",
              "fullTitle": "Functional Test Cases TC_Login_018_To verify Get Token Button is disabled when email address field is blank on Forget Password page",
              "timedOut": null,
              "duration": 3899,
              "state": "passed",
              "speed": "fast",
              "pass": true,
              "fail": false,
              "pending": false,
              "context": null,
              "code": "cy.visit(Cypress.env('url'));\ncy.url().should('include', 'login');\nlogos.selectForgotPassword().click();\ncy.url().should('include', 'https://staging.mainteny.com/auth/forget-password');\nlogos.getResetPasswordTitle().should('contain.text', 'Reset Password');\npassword.getTokenBtn().should('be.disabled');\npassword.getTokenBtn().should('not.be.enabled');",
              "err": {},
              "uuid": "7a325dd8-dc22-439e-aada-8f67b482474e",
              "parentUUID": "9314bb21-ac48-4a2b-9e04-a101ab1c152f",
              "isHook": false,
              "skipped": false
            },
            {
              "title": "TC_Login_019_To verify Get Token Button is enabled after entering email address in email filed on Forget Password page",
              "fullTitle": "Functional Test Cases TC_Login_019_To verify Get Token Button is enabled after entering email address in email filed on Forget Password page",
              "timedOut": null,
              "duration": 6104,
              "state": "passed",
              "speed": "medium",
              "pass": true,
              "fail": false,
              "pending": false,
              "context": null,
              "code": "cy.visit(Cypress.env('url'));\ncy.url().should('include', 'login');\nlogos.selectForgotPassword().click();\ncy.url().should('include', 'https://staging.mainteny.com/auth/forget-password');\nlogos.getResetPasswordTitle().should('contain.text', 'Reset Password');\npassword.getTokenBtn().should('be.disabled');\npassword.getTokenBtn().should('not.be.enabled');\npassword.forgeotPasswordEmail().type('engineering@mainteny.com');\npassword.getTokenBtn().should('not.be.disabled');\npassword.getTokenBtn().should('be.enabled');",
              "err": {},
              "uuid": "f29e4a58-e1b8-45d4-9183-32aa7079a752",
              "parentUUID": "9314bb21-ac48-4a2b-9e04-a101ab1c152f",
              "isHook": false,
              "skipped": false
            },
            {
              "title": "TC_Login_020_To verify Set New Password text is displayed after entering valid email address in email field on Forget Password page",
              "fullTitle": "Functional Test Cases TC_Login_020_To verify Set New Password text is displayed after entering valid email address in email field on Forget Password page",
              "timedOut": null,
              "duration": 7458,
              "state": "passed",
              "speed": "medium",
              "pass": true,
              "fail": false,
              "pending": false,
              "context": null,
              "code": "cy.visit(Cypress.env('url'));\ncy.url().should('include', 'login');\nlogos.selectForgotPassword().click();\ncy.url().should('include', 'https://staging.mainteny.com/auth/forget-password');\nlogos.getResetPasswordTitle().should('contain.text', 'Reset Password');\npassword.getTokenBtn().should('be.disabled');\npassword.getTokenBtn().should('not.be.enabled');\npassword.forgeotPasswordEmail().type('engineering@mainteny.com');\npassword.getTokenBtn().should('not.be.disabled');\npassword.getTokenBtn().should('be.enabled');\npassword.getTokenBtn().click();\nlogos.getResetPasswordTitle().should('contain.text', 'Set a new password');",
              "err": {},
              "uuid": "f511e02e-3e1d-48f8-8b6a-f6c7ad9ce8f8",
              "parentUUID": "9314bb21-ac48-4a2b-9e04-a101ab1c152f",
              "isHook": false,
              "skipped": false
            },
            {
              "title": "TC_Login_021_To verify warning is displayed after entering invalid email address in email address field on Forget Page",
              "fullTitle": "Functional Test Cases TC_Login_021_To verify warning is displayed after entering invalid email address in email address field on Forget Page",
              "timedOut": null,
              "duration": 8355,
              "state": "passed",
              "speed": "medium",
              "pass": true,
              "fail": false,
              "pending": false,
              "context": null,
              "code": "cy.visit(Cypress.env('url'));\ncy.url().should('include', 'login');\nlogos.selectForgotPassword().click();\ncy.url().should('include', 'https://staging.mainteny.com/auth/forget-password');\nlogos.getResetPasswordTitle().should('contain.text', 'Reset Password');\npassword.getTokenBtn().should('be.disabled');\npassword.getTokenBtn().should('not.be.enabled');\npassword.forgeotPasswordEmail().type('email@gmail.com');\npassword.getTokenBtn().should('not.be.disabled');\npassword.getTokenBtn().should('be.enabled');\npassword.getTokenBtn().click();\nlogos.ValidateError().should('have.text', 'Please check if you have an account with us');",
              "err": {},
              "uuid": "62900815-6efa-4dd4-bf11-1c1131cde6c3",
              "parentUUID": "9314bb21-ac48-4a2b-9e04-a101ab1c152f",
              "isHook": false,
              "skipped": false
            },
            {
              "title": "TC_Login_022_To verify login page is displayed after selecting Go Back To Login option from Forget Password page",
              "fullTitle": "Functional Test Cases TC_Login_022_To verify login page is displayed after selecting Go Back To Login option from Forget Password page",
              "timedOut": null,
              "duration": 4652,
              "state": "passed",
              "speed": "fast",
              "pass": true,
              "fail": false,
              "pending": false,
              "context": null,
              "code": "cy.visit(Cypress.env('url'));\ncy.url().should('include', 'login');\nlogos.selectForgotPassword().click();\ncy.url().should('include', 'https://staging.mainteny.com/auth/forget-password');\nlogos.getResetPasswordTitle().should('contain.text', 'Reset Password');\npassword.getTokenBtn().should('be.disabled');\npassword.getTokenBtn().should('not.be.enabled');\npassword.goBackBtn().click();\ncy.url().should('include', 'login');",
              "err": {},
              "uuid": "99c2f808-2eed-433e-8581-7f7142106a3c",
              "parentUUID": "9314bb21-ac48-4a2b-9e04-a101ab1c152f",
              "isHook": false,
              "skipped": false
            }
          ],
          "suites": [],
          "passes": [
            "d507eb95-c4f8-4bb1-8e10-b8f9616b68a6",
            "d3150d09-cc5f-469b-bf13-ef610b2e27c4",
            "e8330daf-88ff-43d2-ab62-117a5169c58b",
            "5988a260-2dd5-4148-8c8a-fcd4c89ae466",
            "cb6fc77b-ad1b-40c3-852d-1d90d712de05",
            "2c80861c-5cb3-4063-90c6-6ee25189f82e",
            "2d5d44b5-4126-4eb2-b614-22dc6df6948b",
            "be08aeb6-8fd9-4b65-b4f9-1e1dc32187ad",
            "6624c59d-6b64-4ed4-bf30-368f3c3854ca",
            "f70298b7-35da-4452-a9ed-2aeb1d0d404d",
            "34f6bef8-a2c9-43b6-8dd1-7cb79131ccb1",
            "a780dc38-b6c0-465a-93f8-ec1f01213fa6",
            "3dd3edb5-6d42-4fab-b1c3-6c5c4871617e",
            "bdfb2818-967b-4109-b8ee-ae4a6e0ebee8",
            "b08d0e8b-7a94-4fef-8fbf-16e8582f03ee",
            "d0957060-6e71-436d-b277-2a1f74c0fac5",
            "7a325dd8-dc22-439e-aada-8f67b482474e",
            "f29e4a58-e1b8-45d4-9183-32aa7079a752",
            "f511e02e-3e1d-48f8-8b6a-f6c7ad9ce8f8",
            "62900815-6efa-4dd4-bf11-1c1131cde6c3",
            "99c2f808-2eed-433e-8581-7f7142106a3c"
          ],
          "failures": [
            "b6e7a36f-6196-473e-b9e7-1515c00adab5"
          ],
          "pending": [],
          "skipped": [],
          "duration": 195407,
          "root": false,
          "rootEmpty": false,
          "_timeout": 2000
        }
      ],
      "passes": [],
      "failures": [],
      "pending": [],
      "skipped": [],
      "duration": 0,
      "root": true,
      "rootEmpty": true,
      "_timeout": 2000
    }
  ],
  "meta": {
    "mocha": {
      "version": "7.0.1"
    },
    "mochawesome": {
      "options": {
        "quiet": false,
        "reportFilename": "mochawesome",
        "saveHtml": true,
        "saveJson": true,
        "consoleReporter": "spec",
        "useInlineDiffs": false,
        "code": true
      },
      "version": "7.0.1"
    },
    "marge": {
      "options": null,
      "version": "6.0.1"
    }
  }
}